<?xml version="1.0" encoding="UTF-8"?>
<!-- Generated by org.testng.reporters.JUnitReportReporter -->
<testsuite hostname="DESKTOP-H0PI4DT" failures="0" tests="1" name="recap.RutoExample" time="4.503" errors="0" timestamp="2022-09-14T15:25:28 IST" skipped="0">
  <testcase classname="recap.RutoExample" name="login" time="4.503"/>
  <system-out/>
</testsuite> <!-- recap.RutoExample -->
