<?xml version="1.0" encoding="UTF-8"?>
<!-- Generated by org.testng.reporters.JUnitReportReporter -->
<testsuite hostname="DESKTOP-H0PI4DT" failures="0" tests="1" name="recap.NOPCommTest" time="19.985" errors="0" timestamp="2022-09-14T15:20:14 IST" skipped="0">
  <testcase classname="recap.NOPCommTest" name="login" time="19.985"/>
  <system-out/>
</testsuite> <!-- recap.NOPCommTest -->
