<?xml version="1.0" encoding="UTF-8"?>
<!-- Generated by org.testng.reporters.JUnitReportReporter -->
<testsuite hostname="DESKTOP-H0PI4DT" failures="0" tests="1" name="handleAlert.HandleAlertExample" time="4.482" errors="0" timestamp="2022-09-14T16:50:16 IST" skipped="0">
  <testcase classname="handleAlert.HandleAlertExample" name="promptAlert" time="4.482"/>
  <system-out/>
</testsuite> <!-- handleAlert.HandleAlertExample -->
