<?xml version="1.0" encoding="UTF-8"?>
<!-- Generated by org.testng.reporters.JUnitReportReporter -->
<testsuite hostname="DESKTOP-H0PI4DT" failures="0" tests="1" name="locatorExample.NOPCommTest" time="29.293" errors="0" timestamp="2022-09-13T17:28:34 IST" skipped="0">
  <testcase classname="locatorExample.NOPCommTest" name="login" time="29.293"/>
  <system-out/>
</testsuite> <!-- locatorExample.NOPCommTest -->
