<?xml version="1.0" encoding="UTF-8"?>
<!-- Generated by org.testng.reporters.JUnitReportReporter -->
<testsuite hostname="DESKTOP-H0PI4DT" failures="0" tests="1" name="webdriverManagerExample.AmazonTest" time="11.396" errors="0" timestamp="2022-09-13T15:10:44 IST" skipped="0">
  <testcase classname="webdriverManagerExample.AmazonTest" name="SearchTest" time="11.396"/>
  <system-out/>
</testsuite> <!-- webdriverManagerExample.AmazonTest -->
